app/build/outputs/mapping/release/seeds.txt
com.mtest.SecondFragment: SecondFragment()
com.mtest.MainActivity
com.mtest.FirstFragment: FirstFragment()
com.mtest.MainActivity: MainActivity()
com.mtest.FirstFragment
com.mtest.SecondFragment
...
androidx.recyclerview.R$styleable: int FontFamily_fontProviderFetchStrategy
androidx.appcompat.R$styleable: int ActionBar_contentInsetStart
androidx.appcompat.R$style: int Base_Theme_AppCompat_Dialog_MinWidth
com.google.android.material.R$styleable: int AppCompatTheme_checkedTextViewStyle
androidx.appcompat.R$style: int TextAppearance_AppCompat_Widget_ActionMode_Title
androidx.appcompat.widget.AbsActionBarView: int getContentHeight()
com.google.android.material.R$color: int abc_btn_colored_borderless_text_material
com.google.android.material.internal.NavigationMenuItemView: void setIconPadding(int)
androidx.recyclerview.widget.RecyclerView: long getNanoTime()
androidx.navigation.fragment.R$styleable: int ColorStateListItem_android_color
com.google.android.material.transformation.FabTransformationSheetBehavior: FabTransformationSheetBehavior()
com.google.android.material.R$styleable: int[] TextAppearance
androidx.core.widget.NestedScrollView: int getNestedScrollAxes()
com.google.android.material.R$styleable: int BottomAppBar_hideOnScroll
com.google.android.material.R$dimen: int abc_switch_padding
com.google.android.material.R$styleable: int ThemeEnforcement_enforceMaterialTheme
androidx.appcompat.R$styleable: int GradientColor_android_gradientRadius
com.google.android.material.R$styleable: int LinearLayoutCompat_divider
androidx.appcompat.R$style: int TextAppearance_AppCompat_Medium
androidx.appcompat.R$style: int Base_TextAppearance_AppCompat_Body2
androidx.appcompat.resources.R$styleable: int FontFamilyFont_android_fontStyle
androidx.appcompat.R$string: int abc_capital_on
androidx.appcompat.widget.AppCompatButton: android.graphics.PorterDuff$Mode getSupportBackgroundTintMode()
com.google.android.material.R$style: int CardView_Light
androidx.appcompat.R$attr: int ratingBarStyleIndicator
com.google.android.material.R$styleable: int AppCompatTheme_actionModeCloseDrawable
androidx.appcompat.R$style: int TextAppearance_AppCompat_Widget_PopupMenu_Header
androidx.appcompat.R$id: int scrollIndicatorUp
com.google.android.material.R$dimen: int notification_top_pad
com.google.android.material.floatingactionbutton.FloatingActionButton$Behavior: FloatingActionButton$Behavior(android.content.Context,android.util.AttributeSet)
androidx.appcompat.widget.LinearLayoutCompat: int getDividerPadding()
com.google.android.material.R$styleable: int MaterialButton_backgroundTintMode
androidx.appcompat.R$id: int chronometer
androidx.appcompat.widget.ActionBarOverlayLayout
androidx.appcompat.R$styleable: int AppCompatTheme_dividerHorizontal
androidx.appcompat.R$id: int accessibility_custom_action_10
androidx.appcompat.R$styleable: int AppCompatTextView_drawableTopCompat
com.google.android.material.R$id: int scrollView
com.google.android.material.R$id: int action_mode_close_button
androidx.appcompat.R$id: int accessibility_custom_action_20
androidx.appcompat.R$dimen: int abc_action_bar_subtitle_top_margin_material
com.google.android.material.R$styleable: int Toolbar_collapseContentDescription
com.google.android.material.R$id: int shortcut
com.google.android.material.R$styleable: int TextInputLayout_boxStrokeColor
com.google.android.material.R$layout: int abc_screen_simple_overlay_action_mode
androidx.appcompat.R$styleable: int SearchView_suggestionRowLayout
androidx.vectordrawable.graphics.drawable.VectorDrawableCompat$VPathRenderer: void setAlpha(float)
com.google.android.material.R$styleable: int ActionBar_contentInsetEndWithActions
androidx.appcompat.R$attr: int font
androidx.core.R$id: int tag_accessibility_pane_title
com.google.android.material.R$layout: int notification_template_icon_group
com.google.android.material.R$attr: int tickMarkTintMode
androidx.appcompat.R$styleable: int MenuItem_android_alphabeticShortcut
com.google.android.material.R$styleable: int AppCompatTheme_buttonStyleSmall
com.google.android.material.R$styleable: int[] TextInputLayout
androidx.transition.R$id: int blocking