app/build/outputs/mapping/release/mapping.txt
# compiler: R8
# compiler_version: 2.0.88
# min_api: 21
# pg_map_id: 38c563f
# common_typos_disable
com.mtest.FirstFragment -> com.mtest.FirstFragment:
    1:1:void kotlin.jvm.internal.Intrinsics.checkParameterIsNotNull(java.lang.Object,java.lang.String):0:0 -> H
    1:1:android.view.View onCreateView(android.view.LayoutInflater,android.view.ViewGroup,android.os.Bundle):0 -> H
    1:1:void androidx.fragment.app.Fragment.onDestroyView():0:0 -> I
    1:1:void onDestroyView():0 -> I
    1:1:void kotlin.jvm.internal.Intrinsics.checkParameterIsNotNull(java.lang.Object,java.lang.String):0:0 -> V
    1:1:void onViewCreated(android.view.View,android.os.Bundle):0 -> V
com.mtest.FirstFragment$onViewCreated$1 -> com.mtest.FirstFragment$a:
    com.mtest.FirstFragment this$0 -> d
    1:1:androidx.navigation.NavController androidx.navigation.fragment.FragmentKt.findNavController(androidx.fragment.app.Fragment):0:0 -> onClick
    1:1:void onClick(android.view.View):0 -> onClick
    2:2:void onClick(android.view.View):0:0 -> onClick
    3:3:void kotlin.jvm.internal.Intrinsics.checkParameterIsNotNull(java.lang.Object,java.lang.String):0:0 -> onClick
    3:3:androidx.navigation.NavController androidx.navigation.fragment.FragmentKt.findNavController(androidx.fragment.app.Fragment):0 -> onClick
    3:3:void onClick(android.view.View):0 -> onClick
com.mtest.MainActivity -> com.mtest.MainActivity:
    1:1:void androidx.appcompat.app.AppCompatActivity.setSupportActionBar(androidx.appcompat.widget.Toolbar):0:0 -> onCreate
    1:1:void onCreate(android.os.Bundle):0 -> onCreate
    2:2:void androidx.appcompat.app.AppCompatDelegateImpl.setSupportActionBar(androidx.appcompat.widget.Toolbar):0:0 -> onCreate
    2:2:void androidx.appcompat.app.AppCompatActivity.setSupportActionBar(androidx.appcompat.widget.Toolbar):0 -> onCreate
    2:2:void onCreate(android.os.Bundle):0 -> onCreate
    3:3:androidx.appcompat.app.ActionBar androidx.appcompat.app.AppCompatDelegateImpl.getSupportActionBar():0:0 -> onCreate
    3:3:void androidx.appcompat.app.AppCompatDelegateImpl.setSupportActionBar(androidx.appcompat.widget.Toolbar):0 -> onCreate
    3:3:void androidx.appcompat.app.AppCompatActivity.setSupportActionBar(androidx.appcompat.widget.Toolbar):0 -> onCreate
    3:3:void onCreate(android.os.Bundle):0 -> onCreate
    4:4:void androidx.appcompat.app.AppCompatDelegateImpl.setSupportActionBar(androidx.appcompat.widget.Toolbar):0:0 -> onCreate
    4:4:void androidx.appcompat.app.AppCompatActivity.setSupportActionBar(androidx.appcompat.widget.Toolbar):0 -> onCreate
    4:4:void onCreate(android.os.Bundle):0 -> onCreate
    5:5:java.lang.CharSequence androidx.appcompat.app.AppCompatDelegateImpl.getTitle():0:0 -> onCreate
...
androidx.recyclerview.widget.RecyclerView$OnItemTouchListener -> a.p.c.s$n:
    void onRequestDisallowInterceptTouchEvent(boolean) -> a
    boolean onInterceptTouchEvent(androidx.recyclerview.widget.RecyclerView,android.view.MotionEvent) -> b
    void onTouchEvent(androidx.recyclerview.widget.RecyclerView,android.view.MotionEvent) -> c
androidx.recyclerview.widget.RecyclerView$OnScrollListener -> a.p.c.s$o:
androidx.recyclerview.widget.RecyclerView$RecycledViewPool -> a.p.c.s$p:
    android.util.SparseArray mScrap -> a
    int mAttachCount -> b
    androidx.recyclerview.widget.RecyclerView$RecycledViewPool$ScrapData getScrapDataForType(int) -> a
androidx.recyclerview.widget.RecyclerView$RecycledViewPool$ScrapData -> a.p.c.s$p$a:
    long mBindRunningAverageNs -> d
    long mCreateRunningAverageNs -> c
    int mMaxScrap -> b
    java.util.ArrayList mScrapHeap -> a
androidx.recyclerview.widget.RecyclerView$Recycler -> a.p.c.s$q:
    androidx.recyclerview.widget.RecyclerView this$0 -> h
    java.util.List mUnmodifiableAttachedScrap -> d
    androidx.recyclerview.widget.RecyclerView$RecycledViewPool mRecyclerPool -> g
    int mViewCacheMax -> f
    int mRequestedCacheMax -> e
    java.util.ArrayList mCachedViews -> c
    java.util.ArrayList mChangedScrap -> b
    java.util.ArrayList mAttachedScrap -> a
    1:1:void dispatchViewRecycled(androidx.recyclerview.widget.RecyclerView$ViewHolder):0:0 -> a
    1:1:void addViewHolderToRecycledViewPool(androidx.recyclerview.widget.RecyclerView$ViewHolder,boolean):0 -> a
    2:2:void addViewHolderToRecycledViewPool(androidx.recyclerview.widget.RecyclerView$ViewHolder,boolean):0:0 -> a
    3:3:void androidx.recyclerview.widget.RecyclerView$RecycledViewPool.putRecycledView(androidx.recyclerview.widget.RecyclerView$ViewHolder):0:0 -> a
    3:3:void addViewHolderToRecycledViewPool(androidx.recyclerview.widget.RecyclerView$ViewHolder,boolean):0 -> a
    void clear() -> b
    1:1:boolean androidx.recyclerview.widget.RecyclerView$State.isPreLayout():0:0 -> c
    1:1:int convertPreLayoutPositionToPostLayout(int):0 -> c
    2:2:int convertPreLayoutPositionToPostLayout(int):0:0 -> c
    3:3:int androidx.recyclerview.widget.AdapterHelper.findPositionOffset(int):0:0 -> c
    3:3:int convertPreLayoutPositionToPostLayout(int):0 -> c
    4:4:int convertPreLayoutPositionToPostLayout(int):0:0 -> c
androidx.recyclerview.widget.RecyclerView$RecyclerListener -> a.p.c.s$r:
    void onViewRecycled(androidx.recyclerview.widget.RecyclerView$ViewHolder) -> a
androidx.recyclerview.widget.RecyclerView$RecyclerViewDataObserver -> a.p.c.s$s:
androidx.recyclerview.widget.RecyclerView$SavedState -> a.p.c.s$t:
    android.os.Parcelable mLayoutState -> f
    1:1:void androidx.customview.view.AbsSavedState.writeToParcel(android.os.Parcel,int):0:0 -> writeToParcel
    1:1:void writeToParcel(android.os.Parcel,int):0 -> writeToParcel
    2:2:void writeToParcel(android.os.Parcel,int):0:0 -> writeToParcel
androidx.recyclerview.widget.RecyclerView$SavedState$1 -> a.p.c.s$t$a:
    1:1:androidx.recyclerview.widget.RecyclerView$SavedState createFromParcel(android.os.Parcel):0:0 -> createFromParcel
    1:1:java.lang.Object createFromParcel(android.os.Parcel):0 -> createFromParcel
    2:2:androidx.recyclerview.widget.RecyclerView$SavedState createFromParcel(android.os.Parcel,java.lang.ClassLoader):0:0 -> createFromParcel
    2:2:java.lang.Object createFromParcel(android.os.Parcel,java.lang.ClassLoader):0 -> createFromParcel
    1:1:androidx.recyclerview.widget.RecyclerView$SavedState[] newArray(int):0:0 -> newArray
    1:1:java.lang.Object[] newArray(int):0 -> newArray