app/build/outputs/mapping/release/usage.txt
com.mtest.R$navigation
com.mtest.R$string
com.mtest.MainActivity:
    public android.view.View _$_findCachedViewById(int)
    public void _$_clearFindViewByIdCache()
    private java.util.HashMap _$_findViewCache
com.mtest.R$menu
com.mtest.R$integer
com.mtest.SecondFragment:
    public android.view.View _$_findCachedViewById(int)
com.mtest.R$id
com.mtest.R$style
com.mtest.R
com.mtest.R$attr
com.mtest.R$anim
com.mtest.R$layout
com.mtest.R$color
com.mtest.R$mipmap
com.mtest.R$dimen
com.mtest.R$drawable
com.mtest.R$styleable
com.mtest.FirstFragment:
    public android.view.View _$_findCachedViewById(int)
com.mtest.R$interpolator
com.mtest.R$animator
com.mtest.R$bool
com.mtest.BuildConfig
com.mtest.SecondFragment:
    public void _$_clearFindViewByIdCache()
    public java.util.HashMap _$_findViewCache
com.mtest.FirstFragment:
    public void _$_clearFindViewByIdCache()
    public java.util.HashMap _$_findViewCache
...
kotlin.ranges.ULongProgressionIterator
kotlinx.coroutines.CoroutineDispatcher:
    public boolean isDispatchNeeded(kotlin.coroutines.CoroutineContext)
    public abstract void dispatch(kotlin.coroutines.CoroutineContext,java.lang.Runnable)
    public void dispatchYield(kotlin.coroutines.CoroutineContext,java.lang.Runnable)
    public final kotlin.coroutines.Continuation interceptContinuation(kotlin.coroutines.Continuation)
    public final kotlinx.coroutines.CoroutineDispatcher plus(kotlinx.coroutines.CoroutineDispatcher)
    public void releaseInterceptedContinuation(kotlin.coroutines.Continuation)
androidx.core.R$integer
kotlinx.coroutines.Job$DefaultImpls
kotlin.jvm.JvmSuppressWildcards
kotlin.collections.ArraysKt___ArraysKt$asIterable$$inlined$Iterable$6
kotlin.coroutines.experimental.ContinuationInterceptor$Key
androidx.recyclerview.widget.RecyclerView$RecycledViewPool:
    public void setMaxRecycledViews(int,int)
    public int getRecycledViewCount(int)
    int size()
    private static final int DEFAULT_MAX_SCRAP
kotlinx.coroutines.EventLoopImplBase
kotlin.sequences.SequencesKt___SequencesKt
androidx.vectordrawable.animated.R$dimen
kotlin.sequences.SequencesKt___SequencesKt$groupingBy$1
kotlinx.coroutines.sync.Mutex
androidx.recyclerview.widget.RecyclerView$SmoothScroller$Action
kotlin.text.MatchNamedGroupCollection
androidx.core.animation.AnimatorKt
androidx.appcompat.widget.SearchView$SearchAutoComplete:
    public void <init>(android.content.Context)
kotlin.jvm.functions.Function15
kotlinx.coroutines.channels.ChannelsKt__Channels_commonKt$filterNotNullTo$3
kotlinx.coroutines.channels.AbstractSendChannel$enqueueSend$$inlined$addLastIfPrevAndIf$1
com.google.android.material.circularreveal.CircularRevealGridLayout
androidx.recyclerview.widget.AdapterHelper$UpdateOp:
    static final int ADD
    static final int REMOVE
    static final int UPDATE
    static final int MOVE
    static final int POOL_SIZE
androidx.core.app.ShareCompat
androidx.core.content.SharedPreferencesCompat$EditorCompat
kotlinx.coroutines.internal.MainDispatcherLoader
kotlin.collections.ArraysKt___ArraysKt$asSequence$$inlined$Sequence$9
org.intellij.lang.annotations.Pattern
androidx.slidingpanelayout.widget.SlidingPaneLayout$LayoutParams
androidx.lifecycle.MethodCallsLogger:
    public boolean approveCall(java.lang.String,int)
androidx.appcompat.widget.PopupMenu$1
androidx.legacy.coreui.R
kotlin.collections.unsigned.UArraysKt___UArraysKt$withIndex$3
androidx.annotation.TransitionRes
androidx.appcompat.widget.ListPopupWindow:
    public void <init>(android.content.Context)
    public void <init>(android.content.Context,android.util.AttributeSet)
    private static boolean isConfirmKey(int)
    public int getPromptPosition()
    public void setForceIgnoreOutsideTouch(boolean)
    public void setDropDownAlwaysVisible(boolean)
    public boolean isDropDownAlwaysVisible()
    public void setSoftInputMode(int)
    public int getSoftInputMode()
    public void setListSelector(android.graphics.drawable.Drawable)
    public int getAnimationStyle()
    public android.graphics.Rect getEpicenterBounds()
    public int getHeight()
    public void setHeight(int)
    public void setWindowLayoutType(int)
    public void setOnItemSelectedListener(android.widget.AdapterView$OnItemSelectedListener)
    public void setPromptView(android.view.View)
    public void postShow()
    public int getInputMethodMode()
    public boolean performItemClick(int)
    public java.lang.Object getSelectedItem()
    public int getSelectedItemPosition()
    public long getSelectedItemId()
    public android.view.View getSelectedView()
    void setListItemExpandMax(int)
    public boolean onKeyDown(int,android.view.KeyEvent)
    public boolean onKeyUp(int,android.view.KeyEvent)
    public boolean onKeyPreIme(int,android.view.KeyEvent)
    public android.view.View$OnTouchListener createDragToOpenListener(android.view.View)
    private static final java.lang.String TAG